#
# A fatal error has been detected by the Java Runtime Environment:
#
#  EXCEPTION_ACCESS_VIOLATION (0xc0000005) at pc=0x00007ff819a73004, pid=10268, tid=6740
#
# JRE version: OpenJDK Runtime Environment (24.0.1+9) (build 24.0.1+9-30)
# Java VM: OpenJDK 64-Bit Server VM (24.0.1+9-30, mixed mode, emulated-client, sharing, tiered, compressed oops, compressed class ptrs, g1 gc, windows-amd64)
# Problematic frame:
# C  [libasyncProfiler.dll+0x93004]
#
# No core dump will be written. Minidumps are not enabled by default on client versions of Windows
#
# JFR recording file will be written. Location: C:\Users\Usuario\Documents\Programacao\MonitoramentoPaciente\monitoramentopacientesBACK\MonitoramentoPacienteBACK\hs_err_pid10268.jfr
#
# If you would like to submit a bug report, please visit:
#   https://bugreport.java.com/bugreport/crash.jsp
# The crash happened outside the Java Virtual Machine in native code.
# See problematic frame for where to report the bug.
#

---------------  S U M M A R Y ------------

Command Line: -XX:TieredStopAtLevel=1 -Dspring.output.ansi.enabled=always -Dcom.sun.management.jmxremote -Dspring.jmx.enabled=true -Dspring.liveBeansView.mbeanDomain -Dspring.application.admin.enabled=true -Dmanagement.endpoints.jmx.exposure.include=* -javaagent:C:\Program Files\JetBrains\IntelliJ IDEA 2024.3.2.2\lib\idea_rt.jar=50600 -Dfile.encoding=UTF-8 -Dsun.stdout.encoding=UTF-8 -Dsun.stderr.encoding=UTF-8 com.springwalker.back.InfraMedAPIApplication

Host: AMD Ryzen 5 5500                               , 12 cores, 15G,  Windows 11 , 64 bit Build 26100 (10.0.26100.4202)
Time: Fri Jun  6 18:50:42 2025 Hora oficial do Brasil elapsed time: 86.407251 seconds (0d 0h 1m 26s)

---------------  T H R E A D  ---------------

Current thread (0x000001ed3217d770):  JavaThread "Attach Listener" daemon [_thread_in_native, id=6740, stack(0x0000001ae9500000,0x0000001ae9600000) (1024K)]

Stack: [0x0000001ae9500000,0x0000001ae9600000],  sp=0x0000001ae95fedb0,  free space=1019k
Native frames: (J=compiled Java code, j=interpreted, Vv=VM code, C=native code)
C  [libasyncProfiler.dll+0x93004]  (no source info available)
C  [libasyncProfiler.dll+0x934db]  (no source info available)
C  [libasyncProfiler.dll+0x92134]  (no source info available)
C  [libasyncProfiler.dll+0x929aa]  (no source info available)
C  [libasyncProfiler.dll+0x8d561]  (no source info available)
C  [libasyncProfiler.dll+0x7ef21]  (no source info available)
C  [libasyncProfiler.dll+0x7dc38]  (no source info available)
C  [libasyncProfiler.dll+0x7db20]  (no source info available)
C  [libasyncProfiler.dll+0x84af9]  (no source info available)
V  [jvm.dll+0x57eff7]  (no source info available)
V  [jvm.dll+0x57fdac]  (no source info available)
V  [jvm.dll+0x14ca17]  (no source info available)
V  [jvm.dll+0x14dfe1]  (no source info available)
V  [jvm.dll+0x42f456]  (no source info available)
V  [jvm.dll+0x87d76b]  (no source info available)
V  [jvm.dll+0x72ee55]  (no source info available)
C  [ucrtbase.dll+0x37b0]  (no source info available)
C  [KERNEL32.DLL+0x2e8d7]  (no source info available)
C  [ntdll.dll+0x3c34c]  (no source info available)


siginfo: EXCEPTION_ACCESS_VIOLATION (0xc0000005), reading address 0xffffffffffffffff


Registers:
RAX=0x0000000000000010, RBX=0x0000000000000000, RCX=0xffffffffffffffff, RDX=0x007ff81d1a300010
RSP=0x0000001ae95fedb0, RBP=0x000001ed784b9dc0, RSI=0x0000001ae95fef20, RDI=0x000001ed784b9dc0
R8 =0x0000000000000042, R9 =0x00000007ffc00000, R10=0x00007ff81d419fb0, R11=0x0000000000000024
R12=0x0000001ae95fef20, R13=0x000001ed7aa90c70, R14=0x000001ed3217db38, R15=0x000001ed3217db38
RIP=0x00007ff819a73004, EFLAGS=0x0000000000010202

XMM[0]=0x0000000000000000 0x0000000000000000
XMM[1]=0x0000000000000000 0x0000000000000000
XMM[2]=0x0000000000000000 0x0000000000000000
XMM[3]=0x0000000000000000 0x0000000000000000
XMM[4]=0x0000000000000000 0x0000000000000000
XMM[5]=0x0000000000000000 0x0000000000000000
XMM[6]=0x0000000000000000 0x0000000000000000
XMM[7]=0x0000000000000000 0x0000000000000000
XMM[8]=0x0000000000000000 0x0000000000000000
XMM[9]=0x0000000000000000 0x0000000000000000
XMM[10]=0x0000000000000000 0x0000000000000000
XMM[11]=0x0000000000000000 0x0000000000000000
XMM[12]=0x0000000000000000 0x0000000000000000
XMM[13]=0x0000000000000000 0x0000000000000000
XMM[14]=0x0000000000000000 0x0000000000000000
XMM[15]=0x0000000000000000 0x0000000000000000
  MXCSR=0x00001fa0


Register to memory mapping:

RAX=0x0000000000000010 is an unknown value
RBX=0x0 is null
RCX=0xffffffffffffffff is an unknown value
RDX=0x007ff81d1a300010 is an unknown value
RSP=0x0000001ae95fedb0 is pointing into the stack for thread: 0x000001ed3217d770
RBP=0x000001ed784b9dc0 points into unknown readable memory: 0x00000007ffc00000 | 00 00 c0 ff 07 00 00 00
RSI=0x0000001ae95fef20 is pointing into the stack for thread: 0x000001ed3217d770
RDI=0x000001ed784b9dc0 points into unknown readable memory: 0x00000007ffc00000 | 00 00 c0 ff 07 00 00 00
R8 =0x0000000000000042 is an unknown value
R9 =0x00000007ffc00000 is an oop: java.lang.ref.Reference$ReferenceHandler 
{0x00000007ffc00000} - klass: 'java/lang/ref/Reference$ReferenceHandler' - flags: 

 - ---- fields (total size 14 words):
 - 'threadLocalRandomProbe' 'I' @12  0 (0x00000000)
 - private volatile 'eetop' 'J' @16  2118259276688 (0x000001ed32177b90)
 - private final 'tid' 'J' @24  14 (0x000000000000000e)
 - 'threadLocalRandomSeed' 'J' @32  0 (0x0000000000000000)
 - injected 'jvmti_thread_state' 'J' @40  2119474001424 (0x000001ed7a7eb610)
 - 'threadLocalRandomSecondarySeed' 'I' @48  0 (0x00000000)
 - injected 'jvmti_VTMS_transition_disable_count' 'I' @52  0 (0x00000000)
 - injected 'jfr_epoch' 'S' @56  0 (0x0000)
 - volatile 'interrupted' 'Z' @58  false (0x00)
 - injected 'jvmti_is_in_VTMS_transition' 'Z' @59  false (0x00)
 - private volatile 'name' 'Ljava/lang/String;' @60  "Reference Handler"{0x00000007030804d0} (0xe061009a)
 - private volatile 'contextClassLoader' 'Ljava/lang/ClassLoader;' @64  null (0x00000000)
 - private final 'holder' 'Ljava/lang/Thread$FieldHolder;' @68  a 'java/lang/Thread$FieldHolder'{0x00000007ff97b7a0} (0xfff2f6f4)
 - 'threadLocals' 'Ljava/lang/ThreadLocal$ThreadLocalMap;' @72  null (0x00000000)
 - 'inheritableThreadLocals' 'Ljava/lang/ThreadLocal$ThreadLocalMap;' @76  null (0x00000000)
 - private 'scopedValueBindings' 'Ljava/lang/Object;' @80  a 'java/lang/Class'{0x00000007ff623b60} = 'java/lang/Thread' (0xffec476c)
 - final 'interruptLock' 'Ljava/lang/Object;' @84  a 'java/lang/Object'{0x00000007ff97b7c8} (0xfff2f6f9)
 - private volatile 'parkBlocker' 'Ljava/lang/Object;' @88  null (0x00000000)
 - private 'nioBlocker' 'Lsun/nio/ch/Interruptible;' @92  null (0x00000000)
 - private 'cont' 'Ljdk/internal/vm/Continuation;' @96  null (0x00000000)
 - private volatile 'uncaughtExceptionHandler' 'Ljava/lang/Thread$UncaughtExceptionHandler;' @100  null (0x00000000)
 - private 'container' 'Ljdk/internal/vm/ThreadContainer;' @104  null (0x00000000)
 - private volatile 'headStackableScopes' 'Ljdk/internal/vm/StackableScope;' @108  null (0x00000000)
R10=0x00007ff81d419fb0 jvm.dll
R11=0x0000000000000024 is an unknown value
R12=0x0000001ae95fef20 is pointing into the stack for thread: 0x000001ed3217d770
R13=0x000001ed7aa90c70 points into unknown readable memory: 0x00007ff81d38a510 | 10 a5 38 1d f8 7f 00 00
R14=0x000001ed3217db38 points into unknown readable memory: 0x00007ff81d3817b0 | b0 17 38 1d f8 7f 00 00
R15=0x000001ed3217db38 points into unknown readable memory: 0x00007ff81d3817b0 | b0 17 38 1d f8 7f 00 00

Top of Stack: (sp=0x0000001ae95fedb0)
0x0000001ae95fedb0:   0000001ae95fef20 000001ed784b9dc0    ._.......Kx....
0x0000001ae95fedc0:   0000000000000000 000001ed32a11c70   ........p..2....
0x0000001ae95fedd0:   000000000000003b 00007ff819a734db   ;........4......
0x0000001ae95fede0:   0000000000000000 000001ed3217db38   ........8..2....
0x0000001ae95fedf0:   0000001ae95fef01 0000000000000000   .._.............
0x0000001ae95fee00:   000001ed7aa0e8d0 00007ff819a72134   ...z....4!......
0x0000001ae95fee10:   0000000000000000 000000000000003b   ........;.......
0x0000001ae95fee20:   0000000000000000 000000000000003b   ........;.......
0x0000001ae95fee30:   0000002200000002 000001ed780dee20   ...."... ..x....
0x0000001ae95fee40:   000001ed7aa0e8d0 000001ed7aa0e9bc   ...z.......z....
0x0000001ae95fee50:   000001ed7aa0e9cc 0000000000004bfc   ...z.....K......
0x0000001ae95fee60:   0000000000000000 0000000000000000   ................
0x0000001ae95fee70:   0000000000000000 00007ff81cbe57d4   .........W......
0x0000001ae95fee80:   00007ff819bcae00 000000000000281c   .........(......
0x0000001ae95fee90:   00007ff819bcae00 00000000ffffffff   ................
0x0000001ae95feea0:   0000000000000000 00007ff819a729aa   .........)......
0x0000001ae95feeb0:   000001ed3217db38 0000000000000000   8..2............
0x0000001ae95feec0:   0000001ae95fef29 000001ed7aa90c70   )._.....p..z....
0x0000001ae95feed0:   0000000000000004 0000000000000048   ........H.......
0x0000001ae95feee0:   0000000800800310 0000000000000020   ........ .......
0x0000001ae95feef0:   000001ed3217db38 00007ff819bcae00   8..2............
0x0000001ae95fef00:   000001ed32015e50 000001ed7a7eb610   P^.2......~z....
0x0000001ae95fef10:   0000000800800390 000001ed3217db38   ........8..2....
0x0000001ae95fef20:   000001ed7c87faf0 000001ed7c880250   ...|....P..|....
0x0000001ae95fef30:   000001ed7c880250 00007ff819bcae00   P..|............
0x0000001ae95fef40:   000001ed782e6348 0000001ae95ff0b8   Hc.x......_.....
0x0000001ae95fef50:   0000001ae95ff1f0 0000000000008840   .._.....@.......
0x0000001ae95fef60:   0000001ae95ff3d0 00007ff819bcae50   .._.....P.......
0x0000001ae95fef70:   0000000000989680 0000000000989680   ................
0x0000001ae95fef80:   0000001ae95ff090 00007ff819a6d561   .._.....a.......
0x0000001ae95fef90:   00007ff819bcae00 00007ff819bcae58   ........X.......
0x0000001ae95fefa0:   00007ff800000000 00007ff800000001   ................

Instructions: (pc=0x00007ff819a73004)
  0x00007ff819a72f04:   cc cc cc cc cc cc cc cc cc cc cc cc cc cc cc cc
  0x00007ff819a72f14:   cc cc cc cc cc cc cc cc cc cc cc cc cc cc cc cc
  0x00007ff819a72f24:   cc cc cc cc cc cc cc cc cc cc cc cc cc cc cc cc
  0x00007ff819a72f34:   cc cc cc cc cc cc cc cc cc cc cc cc cc cc cc cc
  0x00007ff819a72f44:   cc cc cc cc cc cc cc cc cc cc cc cc cc cc cc cc
  0x00007ff819a72f54:   cc cc cc cc cc cc cc cc cc cc cc cc cc cc cc cc
  0x00007ff819a72f64:   cc cc cc cc cc cc cc cc cc cc cc cc cc cc cc cc
  0x00007ff819a72f74:   cc cc cc cc cc cc cc cc cc cc cc cc cc cc cc cc
  0x00007ff819a72f84:   cc cc cc cc cc cc cc cc cc cc cc cc 40 57 48 83
  0x00007ff819a72f94:   ec 20 48 8b f9 48 8b 0d 30 80 15 00 48 85 c9 74
  0x00007ff819a72fa4:   20 48 8b 01 48 8d 54 24 38 41 b8 06 00 01 00 4c
  0x00007ff819a72fb4:   8b 48 30 41 ff d1 85 c0 75 07 48 8b 4c 24 38 eb
  0x00007ff819a72fc4:   02 33 c9 4c 8b 05 0a 81 15 00 48 89 5c 24 30 4d
  0x00007ff819a72fd4:   85 c0 74 4a 48 8b 01 48 8b d7 4c 8b 88 28 03 00
  0x00007ff819a72fe4:   00 41 ff d1 48 85 c0 74 35 48 63 0d b8 3d 15 00
  0x00007ff819a72ff4:   48 8b 14 01 48 85 d2 74 15 48 63 05 bc 3d 15 00
=>0x00007ff819a73004:   8b 04 10 48 8b 5c 24 30 48 83 c4 20 5f c3 b8 ff
  0x00007ff819a73014:   ff ff ff 48 8b 5c 24 30 48 83 c4 20 5f c3 80 3d
  0x00007ff819a73024:   bb 7f 15 00 00 bb ff ff ff ff 74 20 4c 8b 0d 51
  0x00007ff819a73034:   7c 15 00 4c 8d 44 24 38 48 8b 0d 35 7c 15 00 48
  0x00007ff819a73044:   8b d7 41 ff d1 85 c0 0f 44 5c 24 38 8b c3 48 8b
  0x00007ff819a73054:   5c 24 30 48 83 c4 20 5f c3 cc cc cc cc cc cc cc
  0x00007ff819a73064:   cc cc cc cc cc cc cc cc cc cc cc cc cc cc cc cc
  0x00007ff819a73074:   cc cc cc cc cc cc cc cc cc cc cc cc cc cc cc cc
  0x00007ff819a73084:   cc cc cc cc cc cc cc cc cc cc cc cc 48 89 54 24
  0x00007ff819a73094:   10 53 55 56 57 41 56 41 57 48 83 ec 28 48 8b f2
  0x00007ff819a730a4:   4c 8b f1 48 89 4c 24 78 45 33 ff 44 89 7c 24 68
  0x00007ff819a730b4:   c7 44 24 60 01 00 00 00 48 8d 4c 24 68 e8 69 3c
  0x00007ff819a730c4:   f7 ff 8b d8 48 8d 4c 24 60 e8 5d 3c f7 ff 8b e8
  0x00007ff819a730d4:   49 8b ce e8 33 f3 f6 ff 48 8b f8 90 8b c3 f0 0f
  0x00007ff819a730e4:   b1 2f 74 04 f3 90 eb f4 4c 89 3e 4c 89 7e 08 4c
  0x00007ff819a730f4:   89 7e 10 49 8b 6e 08 4d 8b 76 10 49 3b ee 0f 84


Stack slot to memory mapping:

stack at sp + 0 slots: 0x0000001ae95fef20 is pointing into the stack for thread: 0x000001ed3217d770
stack at sp + 1 slots: 0x000001ed784b9dc0 points into unknown readable memory: 0x00000007ffc00000 | 00 00 c0 ff 07 00 00 00
stack at sp + 2 slots: 0x0 is null
stack at sp + 3 slots: 0x000001ed32a11c70 points into unknown readable memory: 0x6e616c2e6176616a | 6a 61 76 61 2e 6c 61 6e
stack at sp + 4 slots: 0x000000000000003b is an unknown value
stack at sp + 5 slots: 0x00007ff819a734db libasyncProfiler.dll
stack at sp + 6 slots: 0x0 is null
stack at sp + 7 slots: 0x000001ed3217db38 points into unknown readable memory: 0x00007ff81d3817b0 | b0 17 38 1d f8 7f 00 00

Lock stack of current Java thread (top to bottom):


---------------  P R O C E S S  ---------------

Threads class SMR info:
_java_thread_list=0x000001ed7c800a40, length=37, elements={
0x000001ed32177b90, 0x000001ed3217a4e0, 0x000001ed3217d030, 0x000001ed3217d770,
0x000001ed3217e110, 0x000001ed32a350b0, 0x000001ed32a357f0, 0x000001ed32b64ad0,
0x000001ed780acd50, 0x000001ed780ad490, 0x000001ed786e99e0, 0x000001ed78714230,
0x000001ed7871fe20, 0x000001ed78722570, 0x000001ed78e67fe0, 0x000001ed78e67890,
0x000001ed78e662a0, 0x000001ed78e68e80, 0x000001ed78e669f0, 0x000001ed78e65b50,
0x000001ed7ab3c310, 0x000001ed7ab3a5d0, 0x000001ed7ab3b470, 0x000001ed7ab38fe0,
0x000001ed7ab3bbc0, 0x000001ed7ab3ad20, 0x000001ed7ab3ca60, 0x000001ed7ab39730,
0x000001ed7ab3d1b0, 0x000001ed7ab39e80, 0x000001ed7ab3d900, 0x000001ed7ab3fd90,
0x000001ed7ab3e050, 0x000001ed7ab3eef0, 0x000001ed7ab3e7a0, 0x000001ed78f08a70,
0x000001ed78f08320
}

Java Threads: ( => current thread )
  0x000001ed32177b90 JavaThread "Reference Handler"          daemon [_thread_blocked, id=10132, stack(0x0000001ae9200000,0x0000001ae9300000) (1024K)]
  0x000001ed3217a4e0 JavaThread "Finalizer"                  daemon [_thread_blocked, id=12032, stack(0x0000001ae9300000,0x0000001ae9400000) (1024K)]
  0x000001ed3217d030 JavaThread "Signal Dispatcher"          daemon [_thread_blocked, id=1000, stack(0x0000001ae9400000,0x0000001ae9500000) (1024K)]
=>0x000001ed3217d770 JavaThread "Attach Listener"            daemon [_thread_in_native, id=6740, stack(0x0000001ae9500000,0x0000001ae9600000) (1024K)]
  0x000001ed3217e110 JavaThread "Service Thread"             daemon [_thread_blocked, id=3572, stack(0x0000001ae9600000,0x0000001ae9700000) (1024K)]
  0x000001ed32a350b0 JavaThread "Monitor Deflation Thread"   daemon [_thread_blocked, id=19328, stack(0x0000001ae9700000,0x0000001ae9800000) (1024K)]
  0x000001ed32a357f0 JavaThread "C1 CompilerThread0"         daemon [_thread_blocked, id=15368, stack(0x0000001ae9800000,0x0000001ae9900000) (1024K)]
  0x000001ed32b64ad0 JavaThread "Common-Cleaner"             daemon [_thread_blocked, id=4572, stack(0x0000001ae9a00000,0x0000001ae9b00000) (1024K)]
  0x000001ed780acd50 JavaThread "Monitor Ctrl-Break"         daemon [_thread_in_native, id=20476, stack(0x0000001ae9b00000,0x0000001ae9c00000) (1024K)]
  0x000001ed780ad490 JavaThread "Notification Thread"        daemon [_thread_blocked, id=13984, stack(0x0000001ae9c00000,0x0000001ae9d00000) (1024K)]
  0x000001ed786e99e0 JavaThread "RMI TCP Accept-0"           daemon [_thread_in_native, id=9100, stack(0x0000001ae9f00000,0x0000001aea000000) (1024K)]
  0x000001ed78714230 JavaThread "RMI TCP Connection(idle)"   daemon [_thread_blocked, id=2912, stack(0x0000001aea000000,0x0000001aea100000) (1024K)]
  0x000001ed7871fe20 JavaThread "RMI Scheduler(0)"           daemon [_thread_blocked, id=8508, stack(0x0000001aea100000,0x0000001aea200000) (1024K)]
  0x000001ed78722570 JavaThread "JMX server connection timeout 31" daemon [_thread_blocked, id=12100, stack(0x0000001aea200000,0x0000001aea300000) (1024K)]
  0x000001ed78e67fe0 JavaThread "Catalina-utility-1"                [_thread_blocked, id=13152, stack(0x0000001aeac00000,0x0000001aead00000) (1024K)]
  0x000001ed78e67890 JavaThread "Catalina-utility-2"                [_thread_blocked, id=2112, stack(0x0000001aeb100000,0x0000001aeb200000) (1024K)]
  0x000001ed78e662a0 JavaThread "container-0"                       [_thread_blocked, id=11440, stack(0x0000001aeb200000,0x0000001aeb300000) (1024K)]
  0x000001ed78e68e80 JavaThread "mysql-cj-abandoned-connection-cleanup" daemon [_thread_blocked, id=16720, stack(0x0000001aeb300000,0x0000001aeb400000) (1024K)]
  0x000001ed78e669f0 JavaThread "HikariPool-1 housekeeper"   daemon [_thread_blocked, id=20392, stack(0x0000001aeb500000,0x0000001aeb600000) (1024K)]
  0x000001ed78e65b50 JavaThread "File Watcher"               daemon [_thread_blocked, id=12372, stack(0x0000001aeb700000,0x0000001aeb800000) (1024K)]
  0x000001ed7ab3c310 JavaThread "Live Reload Server"         daemon [_thread_in_native, id=17984, stack(0x0000001aeb900000,0x0000001aeba00000) (1024K)]
  0x000001ed7ab3a5d0 JavaThread "http-nio-80-exec-1"         daemon [_thread_blocked, id=11204, stack(0x0000001aeb800000,0x0000001aeb900000) (1024K)]
  0x000001ed7ab3b470 JavaThread "http-nio-80-exec-2"         daemon [_thread_blocked, id=8656, stack(0x0000001aeba00000,0x0000001aebb00000) (1024K)]
  0x000001ed7ab38fe0 JavaThread "http-nio-80-exec-3"         daemon [_thread_blocked, id=14112, stack(0x0000001aebb00000,0x0000001aebc00000) (1024K)]
  0x000001ed7ab3bbc0 JavaThread "http-nio-80-exec-4"         daemon [_thread_blocked, id=8560, stack(0x0000001aebc00000,0x0000001aebd00000) (1024K)]
  0x000001ed7ab3ad20 JavaThread "http-nio-80-exec-5"         daemon [_thread_blocked, id=21400, stack(0x0000001aebd00000,0x0000001aebe00000) (1024K)]
  0x000001ed7ab3ca60 JavaThread "http-nio-80-exec-6"         daemon [_thread_blocked, id=14724, stack(0x0000001aebe00000,0x0000001aebf00000) (1024K)]
  0x000001ed7ab39730 JavaThread "http-nio-80-exec-7"         daemon [_thread_blocked, id=18844, stack(0x0000001aebf00000,0x0000001aec000000) (1024K)]
  0x000001ed7ab3d1b0 JavaThread "http-nio-80-exec-8"         daemon [_thread_blocked, id=7976, stack(0x0000001aec000000,0x0000001aec100000) (1024K)]
  0x000001ed7ab39e80 JavaThread "http-nio-80-exec-9"         daemon [_thread_blocked, id=17560, stack(0x0000001aec100000,0x0000001aec200000) (1024K)]
  0x000001ed7ab3d900 JavaThread "http-nio-80-exec-10"        daemon [_thread_blocked, id=400, stack(0x0000001aec200000,0x0000001aec300000) (1024K)]
  0x000001ed7ab3fd90 JavaThread "http-nio-80-Poller"         daemon [_thread_in_native, id=20532, stack(0x0000001aec300000,0x0000001aec400000) (1024K)]
  0x000001ed7ab3e050 JavaThread "http-nio-80-Acceptor"       daemon [_thread_in_native, id=18804, stack(0x0000001aec400000,0x0000001aec500000) (1024K)]
  0x000001ed7ab3eef0 JavaThread "DestroyJavaVM"                     [_thread_blocked, id=9472, stack(0x0000001ae8a00000,0x0000001ae8b00000) (1024K)]
  0x000001ed7ab3e7a0 JavaThread "RMI TCP Connection(2)-192.168.56.1" daemon [_thread_in_native, id=11668, stack(0x0000001aea300000,0x0000001aea400000) (1024K)]
  0x000001ed78f08a70 JavaThread "JFR Recorder Thread"        daemon [_thread_in_native, id=13868, stack(0x0000001ae8700000,0x0000001ae8800000) (1024K)]
  0x000001ed78f08320 JavaThread "JFR Periodic Tasks"         daemon [_thread_blocked, id=19452, stack(0x0000001ae8800000,0x0000001ae8900000) (1024K)]
Total: 37

Other Threads:
  0x000001ed32167ef0 VMThread "VM Thread"                           [id=13652, stack(0x0000001ae9100000,0x0000001ae9200000) (1024K)]
  0x000001ed32159ce0 WatcherThread "VM Periodic Task Thread"        [id=18840, stack(0x0000001ae9000000,0x0000001ae9100000) (1024K)]
  0x000001ed1f0f1160 WorkerThread "GC Thread#0"                     [id=20572, stack(0x0000001ae8b00000,0x0000001ae8c00000) (1024K)]
  0x000001ed78e6b7f0 WorkerThread "GC Thread#1"                     [id=20192, stack(0x0000001aea500000,0x0000001aea600000) (1024K)]
  0x000001ed78e58850 WorkerThread "GC Thread#2"                     [id=14308, stack(0x0000001aea600000,0x0000001aea700000) (1024K)]
  0x000001ed79145260 WorkerThread "GC Thread#3"                     [id=15588, stack(0x0000001aea700000,0x0000001aea800000) (1024K)]
  0x000001ed791529d0 WorkerThread "GC Thread#4"                     [id=3416, stack(0x0000001aea800000,0x0000001aea900000) (1024K)]
  0x000001ed79152d80 WorkerThread "GC Thread#5"                     [id=20376, stack(0x0000001aea900000,0x0000001aeaa00000) (1024K)]
  0x000001ed791857e0 WorkerThread "GC Thread#6"                     [id=1644, stack(0x0000001aeaa00000,0x0000001aeab00000) (1024K)]
  0x000001ed79186eb0 WorkerThread "GC Thread#7"                     [id=19692, stack(0x0000001aeab00000,0x0000001aeac00000) (1024K)]
  0x000001ed79187260 WorkerThread "GC Thread#8"                     [id=11108, stack(0x0000001aead00000,0x0000001aeae00000) (1024K)]
  0x000001ed79185ff0 WorkerThread "GC Thread#9"                     [id=15032, stack(0x0000001aeae00000,0x0000001aeaf00000) (1024K)]
  0x000001ed1f106850 ConcurrentGCThread "G1 Main Marker"            [id=18756, stack(0x0000001ae8c00000,0x0000001ae8d00000) (1024K)]
  0x000001ed1f107f60 WorkerThread "G1 Conc#0"                       [id=18968, stack(0x0000001ae8d00000,0x0000001ae8e00000) (1024K)]
  0x000001ed795a57b0 WorkerThread "G1 Conc#1"                       [id=8432, stack(0x0000001aeaf00000,0x0000001aeb000000) (1024K)]
  0x000001ed795a6670 WorkerThread "G1 Conc#2"                       [id=13376, stack(0x0000001aeb000000,0x0000001aeb100000) (1024K)]
  0x000001ed1f13e670 ConcurrentGCThread "G1 Refine#0"               [id=11064, stack(0x0000001ae8e00000,0x0000001ae8f00000) (1024K)]
  0x000001ed1f13ebb0 ConcurrentGCThread "G1 Service"                [id=20564, stack(0x0000001ae8f00000,0x0000001ae9000000) (1024K)]
Total: 18

Threads with active compile tasks:
Total: 0

VM state: not at safepoint (normal execution)

VM Mutex/Monitor currently owned by a thread: None

Heap address: 0x0000000702000000, size: 4064 MB, Compressed Oops mode: Zero based, Oop shift amount: 3

CDS archive(s) mapped at: [0x000001ed33000000-0x000001ed33d40000-0x000001ed33d40000), size 13893632, SharedBaseAddress: 0x000001ed33000000, ArchiveRelocationMode: 1.
Compressed class space mapped at: 0x000001ed34000000-0x000001ed74000000, reserved size: 1073741824
UseCompressedClassPointers 1, UseCompactObjectHeaders 0
Narrow klass pointer bits 32, Max shift 3
Narrow klass base: 0x000001ed33000000, Narrow klass shift: 0
Encoding Range: [0x000001ed33000000 - 0x000001ee33000000), (4294967296 bytes)
Klass Range:    [0x000001ed33000000 - 0x000001ed74000000), (1090519040 bytes)
Klass ID Range:  [8 - 1090519033) (1090519025)

GC Precious Log:
 CardTable entry size: 512
 Card Set container configuration: InlinePtr #cards 4 size 8 Array Of Cards #cards 16 size 48 Howl #buckets 8 coarsen threshold 3686 Howl Bitmap #cards 512 size 80 coarsen threshold 460 Card regions per heap region 1 cards per card region 4096
 CPUs: 12 total, 12 available
 Memory: 16253M
 Large Page Support: Disabled
 NUMA Support: Disabled
 Compressed Oops: Enabled (Zero based)
 Heap Region Size: 2M
 Heap Min Capacity: 8M
 Heap Initial Capacity: 254M
 Heap Max Capacity: 4064M
 Pre-touch: Disabled
 Parallel Workers: 10
 Concurrent Workers: 3
 Concurrent Refinement Workers: 10
 Periodic GC: Disabled

Heap:
 garbage-first heap   total reserved 4161536K, committed 77824K, used 42146K [0x0000000702000000, 0x0000000800000000)
  region size 2048K, 9 young (18432K), 3 survivors (6144K)
 Metaspace       used 69031K, committed 69632K, reserved 1114112K
  class space    used 7827K, committed 8064K, reserved 1048576K

Heap Regions: E=young(eden), S=young(survivor), O=old, HS=humongous(starts), HC=humongous(continues), CS=collection set, F=free, TAMS=top-at-mark-start, PB=parsable bottom
|   0|0x0000000702000000, 0x0000000702200000, 0x0000000702200000|100%| O|  |TAMS 0x0000000702000000| PB 0x0000000702000000| Untracked |  0
|   1|0x0000000702200000, 0x0000000702400000, 0x0000000702400000|100%| O|  |TAMS 0x0000000702200000| PB 0x0000000702200000| Untracked |  0
|   2|0x0000000702400000, 0x0000000702600000, 0x0000000702600000|100%| O|  |TAMS 0x0000000702400000| PB 0x0000000702400000| Untracked |  0
|   3|0x0000000702600000, 0x0000000702800000, 0x0000000702800000|100%| O|  |TAMS 0x0000000702600000| PB 0x0000000702600000| Untracked |  0
|   4|0x0000000702800000, 0x0000000702800000, 0x0000000702a00000|  0%| F|  |TAMS 0x0000000702800000| PB 0x0000000702800000| Untracked |  0
|   5|0x0000000702a00000, 0x0000000702c00000, 0x0000000702c00000|100%| O|  |TAMS 0x0000000702a00000| PB 0x0000000702a00000| Untracked |  0
|   6|0x0000000702c00000, 0x0000000702e00000, 0x0000000702e00000|100%| O|  |TAMS 0x0000000702c00000| PB 0x0000000702c00000| Untracked |  0
|   7|0x0000000702e00000, 0x0000000703000000, 0x0000000703000000|100%| O|  |TAMS 0x0000000702e00000| PB 0x0000000702e00000| Untracked |  0
|   8|0x0000000703000000, 0x0000000703200000, 0x0000000703200000|100%| O|  |TAMS 0x0000000703000000| PB 0x0000000703000000| Untracked |  0
|   9|0x0000000703200000, 0x00000007033aabd8, 0x0000000703400000| 83%| O|  |TAMS 0x0000000703200000| PB 0x0000000703200000| Untracked |  0
|  10|0x0000000703400000, 0x0000000703400000, 0x0000000703600000|  0%| F|  |TAMS 0x0000000703400000| PB 0x0000000703400000| Untracked |  0
|  11|0x0000000703600000, 0x0000000703600000, 0x0000000703800000|  0%| F|  |TAMS 0x0000000703600000| PB 0x0000000703600000| Untracked |  0
|  12|0x0000000703800000, 0x0000000703800000, 0x0000000703a00000|  0%| F|  |TAMS 0x0000000703800000| PB 0x0000000703800000| Untracked |  0
|  13|0x0000000703a00000, 0x0000000703a00000, 0x0000000703c00000|  0%| F|  |TAMS 0x0000000703a00000| PB 0x0000000703a00000| Untracked |  0
|  14|0x0000000703c00000, 0x0000000703d7de80, 0x0000000703e00000| 74%| S|CS|TAMS 0x0000000703c00000| PB 0x0000000703c00000| Complete |  0
|  15|0x0000000703e00000, 0x0000000704000000, 0x0000000704000000|100%| S|CS|TAMS 0x0000000703e00000| PB 0x0000000703e00000| Complete |  0
|  16|0x0000000704000000, 0x0000000704200000, 0x0000000704200000|100%| S|CS|TAMS 0x0000000704000000| PB 0x0000000704000000| Complete |  0
|  17|0x0000000704200000, 0x0000000704200000, 0x0000000704400000|  0%| F|  |TAMS 0x0000000704200000| PB 0x0000000704200000| Untracked |  0
|  18|0x0000000704400000, 0x0000000704400000, 0x0000000704600000|  0%| F|  |TAMS 0x0000000704400000| PB 0x0000000704400000| Untracked |  0
|  19|0x0000000704600000, 0x0000000704600000, 0x0000000704800000|  0%| F|  |TAMS 0x0000000704600000| PB 0x0000000704600000| Untracked |  0
|  20|0x0000000704800000, 0x0000000704800000, 0x0000000704a00000|  0%| F|  |TAMS 0x0000000704800000| PB 0x0000000704800000| Untracked |  0
|  21|0x0000000704a00000, 0x0000000704a00000, 0x0000000704c00000|  0%| F|  |TAMS 0x0000000704a00000| PB 0x0000000704a00000| Untracked |  0
|  22|0x0000000704c00000, 0x0000000704c00000, 0x0000000704e00000|  0%| F|  |TAMS 0x0000000704c00000| PB 0x0000000704c00000| Untracked |  0
|  23|0x0000000704e00000, 0x0000000704e00000, 0x0000000705000000|  0%| F|  |TAMS 0x0000000704e00000| PB 0x0000000704e00000| Untracked |  0
|  24|0x0000000705000000, 0x0000000705000000, 0x0000000705200000|  0%| F|  |TAMS 0x0000000705000000| PB 0x0000000705000000| Untracked |  0
|  25|0x0000000705200000, 0x0000000705200000, 0x0000000705400000|  0%| F|  |TAMS 0x0000000705200000| PB 0x0000000705200000| Untracked |  0
|  93|0x000000070da00000, 0x000000070da00000, 0x000000070dc00000|  0%| F|  |TAMS 0x000000070da00000| PB 0x000000070da00000| Untracked |  0
|  94|0x000000070dc00000, 0x000000070dc00000, 0x000000070de00000|  0%| F|  |TAMS 0x000000070dc00000| PB 0x000000070dc00000| Untracked |  0
|  95|0x000000070de00000, 0x000000070de40b50, 0x000000070e000000| 12%| E|  |TAMS 0x000000070de00000| PB 0x000000070de00000| Complete |  0
|  96|0x000000070e000000, 0x000000070e200000, 0x000000070e200000|100%| E|CS|TAMS 0x000000070e000000| PB 0x000000070e000000| Complete |  0
|  97|0x000000070e200000, 0x000000070e400000, 0x000000070e400000|100%| E|CS|TAMS 0x000000070e200000| PB 0x000000070e200000| Complete |  0
|  98|0x000000070e400000, 0x000000070e600000, 0x000000070e600000|100%| E|CS|TAMS 0x000000070e400000| PB 0x000000070e400000| Complete |  0
| 126|0x0000000711c00000, 0x0000000711e00000, 0x0000000711e00000|100%| E|CS|TAMS 0x0000000711c00000| PB 0x0000000711c00000| Complete |  0
|2027|0x00000007ff600000, 0x00000007ff800000, 0x00000007ff800000|100%| O|  |TAMS 0x00000007ff600000| PB 0x00000007ff600000| Untracked |  0
|2028|0x00000007ff800000, 0x00000007ffa00000, 0x00000007ffa00000|100%| O|  |TAMS 0x00000007ff800000| PB 0x00000007ff800000| Untracked |  0
|2029|0x00000007ffa00000, 0x00000007ffc00000, 0x00000007ffc00000|100%| O|  |TAMS 0x00000007ffa00000| PB 0x00000007ffa00000| Untracked |  0
|2030|0x00000007ffc00000, 0x00000007ffe00000, 0x00000007ffe00000|100%| O|  |TAMS 0x00000007ffc00000| PB 0x00000007ffc00000| Untracked |  0
|2031|0x00000007ffe00000, 0x0000000800000000, 0x0000000800000000|100%| E|CS|TAMS 0x00000007ffe00000| PB 0x00000007ffe00000| Complete |  0

Card table byte_map: [0x000001ed2b560000,0x000001ed2bd50000] _byte_map_base: 0x000001ed27d50000

Marking Bits: (CMBitMap*) 0x000001ed1f0f1f90
 Bits: [0x000001ed2bd50000, 0x000001ed2fcd0000)

Polling page: 0x000001ed1ce20000

Metaspace:

Usage:
  Non-class:     59.77 MB used.
      Class:      7.64 MB used.
       Both:     67.41 MB used.

Virtual space:
  Non-class space:       64.00 MB reserved,      60.12 MB ( 94%) committed,  1 nodes.
      Class space:        1.00 GB reserved,       7.88 MB ( <1%) committed,  1 nodes.
             Both:        1.06 GB reserved,      68.00 MB (  6%) committed. 

Chunk freelists:
   Non-Class:  3.00 MB
       Class:  8.08 MB
        Both:  11.08 MB

MaxMetaspaceSize: unlimited
CompressedClassSpaceSize: 1.00 GB
Initial GC threshold: 21.00 MB
Current GC threshold: 98.12 MB
CDS: on
 - commit_granule_bytes: 65536.
 - commit_granule_words: 8192.
 - virtual_space_node_default_size: 8388608.
 - enlarge_chunks_in_place: 1.
UseCompressedClassPointers 1, UseCompactObjectHeaders 0
Narrow klass pointer bits 32, Max shift 3
Narrow klass base: 0x000001ed33000000, Narrow klass shift: 0
Encoding Range: [0x000001ed33000000 - 0x000001ee33000000), (4294967296 bytes)
Klass Range:    [0x000001ed33000000 - 0x000001ed74000000), (1090519040 bytes)
Klass ID Range:  [8 - 1090519033) (1090519025)


Internal statistics:

num_allocs_failed_limit: 11.
num_arena_births: 776.
num_arena_deaths: 0.
num_vsnodes_births: 2.
num_vsnodes_deaths: 0.
num_space_committed: 1088.
num_space_uncommitted: 0.
num_chunks_returned_to_freelist: 11.
num_chunks_taken_from_freelist: 3025.
num_chunk_merges: 11.
num_chunk_splits: 2256.
num_chunks_enlarged: 1826.
num_inconsistent_stats: 0.

CodeCache: size=49152Kb used=9794Kb max_used=10919Kb free=39357Kb
 bounds [0x000001ed27920000, 0x000001ed283d0000, 0x000001ed2a920000]
 total_blobs=7664, nmethods=6921, adapters=669, full_count=0
Compilation: enabled, stopped_count=0, restarted_count=0

Compilation events (20 events):
Event: 86.365 Thread 0x000001ed32a357f0 6975       1       jdk.jfr.internal.settings.BooleanSetting::getValue (5 bytes)
Event: 86.365 Thread 0x000001ed32a357f0 nmethod 6975 0x000001ed27a52788 code [0x000001ed27a52880, 0x000001ed27a52948]
Event: 86.365 Thread 0x000001ed32a357f0 6978       1       jdk.jfr.internal.EventControl::getEventType (5 bytes)
Event: 86.365 Thread 0x000001ed32a357f0 nmethod 6978 0x000001ed27a52488 code [0x000001ed27a52580, 0x000001ed27a52648]
Event: 86.365 Thread 0x000001ed32a357f0 6982   !   1       jdk.jfr.internal.Control::setValue (102 bytes)
Event: 86.365 Thread 0x000001ed32a357f0 nmethod 6982 0x000001ed27a51b88 code [0x000001ed27a51d80, 0x000001ed27a52410]
Event: 86.365 Thread 0x000001ed32a357f0 6983       1       jdk.jfr.internal.SettingsManager$InternalSetting::getValues (35 bytes)
Event: 86.365 Thread 0x000001ed32a357f0 nmethod 6983 0x000001ed27a51808 code [0x000001ed27a51940, 0x000001ed27a51b48]
Event: 86.365 Thread 0x000001ed32a357f0 6984       1       jdk.jfr.internal.Control::apply (10 bytes)
Event: 86.365 Thread 0x000001ed32a357f0 nmethod 6984 0x000001ed27a51508 code [0x000001ed27a51620, 0x000001ed27a51730]
Event: 86.365 Thread 0x000001ed32a357f0 6981       1       jdk.jfr.internal.PlatformEventType::isEnabled (5 bytes)
Event: 86.365 Thread 0x000001ed32a357f0 nmethod 6981 0x000001ed27a51208 code [0x000001ed27a51300, 0x000001ed27a513c8]
Event: 86.365 Thread 0x000001ed32a357f0 6979       1       jdk.jfr.internal.EventControl::getSettingsId (5 bytes)
Event: 86.365 Thread 0x000001ed32a357f0 nmethod 6979 0x000001ed27a50f08 code [0x000001ed27a51000, 0x000001ed27a510c8]
Event: 86.365 Thread 0x000001ed32a357f0 6980       1       jdk.jfr.internal.EventControl::getNamedControls (5 bytes)
Event: 86.366 Thread 0x000001ed32a357f0 nmethod 6980 0x000001ed27a50c08 code [0x000001ed27a50d00, 0x000001ed27a50dc8]
Event: 86.369 Thread 0x000001ed32a357f0 6985       1       jdk.jfr.internal.periodic.EventTask::getEventType (5 bytes)
Event: 86.369 Thread 0x000001ed32a357f0 nmethod 6985 0x000001ed27a50908 code [0x000001ed27a50a00, 0x000001ed27a50ac8]
Event: 86.369 Thread 0x000001ed32a357f0 6986       1       jdk.jfr.internal.periodic.PeriodicTask::getPeriod (5 bytes)
Event: 86.369 Thread 0x000001ed32a357f0 nmethod 6986 0x000001ed27a50608 code [0x000001ed27a50700, 0x000001ed27a507c8]

GC Heap History (20 events):
Event: 2.038 GC heap before
{Heap before GC invocations=0 (full 0):
 garbage-first heap   total reserved 4161536K, committed 262144K, used 48240K [0x0000000702000000, 0x0000000800000000)
  region size 2048K, 24 young (49152K), 0 survivors (0K)
 Metaspace       used 10097K, committed 10368K, reserved 1114112K
  class space    used 1089K, committed 1216K, reserved 1048576K
}
Event: 2.042 GC heap after
{Heap after GC invocations=1 (full 0):
 garbage-first heap   total reserved 4161536K, committed 262144K, used 10040K [0x0000000702000000, 0x0000000800000000)
  region size 2048K, 3 young (6144K), 3 survivors (6144K)
 Metaspace       used 10097K, committed 10368K, reserved 1114112K
  class space    used 1089K, committed 1216K, reserved 1048576K
}
Event: 2.504 GC heap before
{Heap before GC invocations=1 (full 0):
 garbage-first heap   total reserved 4161536K, committed 262144K, used 57144K [0x0000000702000000, 0x0000000800000000)
  region size 2048K, 28 young (57344K), 3 survivors (6144K)
 Metaspace       used 21180K, committed 21504K, reserved 1114112K
  class space    used 2287K, committed 2432K, reserved 1048576K
}
Event: 2.508 GC heap after
{Heap after GC invocations=2 (full 0):
 garbage-first heap   total reserved 4161536K, committed 262144K, used 14311K [0x0000000702000000, 0x0000000800000000)
  region size 2048K, 6 young (12288K), 6 survivors (12288K)
 Metaspace       used 21180K, committed 21504K, reserved 1114112K
  class space    used 2287K, committed 2432K, reserved 1048576K
}
Event: 2.939 GC heap before
{Heap before GC invocations=3 (full 0):
 garbage-first heap   total reserved 4161536K, committed 61440K, used 57319K [0x0000000702000000, 0x0000000800000000)
  region size 2048K, 27 young (55296K), 6 survivors (12288K)
 Metaspace       used 26550K, committed 26944K, reserved 1114112K
  class space    used 2964K, committed 3136K, reserved 1048576K
}
Event: 2.944 GC heap after
{Heap after GC invocations=4 (full 0):
 garbage-first heap   total reserved 4161536K, committed 77824K, used 17414K [0x0000000702000000, 0x0000000800000000)
  region size 2048K, 4 young (8192K), 4 survivors (8192K)
 Metaspace       used 26550K, committed 26944K, reserved 1114112K
  class space    used 2964K, committed 3136K, reserved 1048576K
}
Event: 3.269 GC heap before
{Heap before GC invocations=4 (full 0):
 garbage-first heap   total reserved 4161536K, committed 77824K, used 50182K [0x0000000702000000, 0x0000000800000000)
  region size 2048K, 20 young (40960K), 4 survivors (8192K)
 Metaspace       used 30391K, committed 30848K, reserved 1114112K
  class space    used 3453K, committed 3648K, reserved 1048576K
}
Event: 3.274 GC heap after
{Heap after GC invocations=5 (full 0):
 garbage-first heap   total reserved 4161536K, committed 77824K, used 20257K [0x0000000702000000, 0x0000000800000000)
  region size 2048K, 2 young (4096K), 2 survivors (4096K)
 Metaspace       used 30391K, committed 30848K, reserved 1114112K
  class space    used 3453K, committed 3648K, reserved 1048576K
}
Event: 3.664 GC heap before
{Heap before GC invocations=5 (full 0):
 garbage-first heap   total reserved 4161536K, committed 77824K, used 48929K [0x0000000702000000, 0x0000000800000000)
  region size 2048K, 17 young (34816K), 2 survivors (4096K)
 Metaspace       used 35518K, committed 35968K, reserved 1114112K
  class space    used 4024K, committed 4224K, reserved 1048576K
}
Event: 3.667 GC heap after
{Heap after GC invocations=6 (full 0):
 garbage-first heap   total reserved 4161536K, committed 77824K, used 21455K [0x0000000702000000, 0x0000000800000000)
  region size 2048K, 3 young (6144K), 3 survivors (6144K)
 Metaspace       used 35518K, committed 35968K, reserved 1114112K
  class space    used 4024K, committed 4224K, reserved 1048576K
}
Event: 4.326 GC heap before
{Heap before GC invocations=7 (full 0):
 garbage-first heap   total reserved 4161536K, committed 77824K, used 58319K [0x0000000702000000, 0x0000000800000000)
  region size 2048K, 21 young (43008K), 3 survivors (6144K)
 Metaspace       used 48621K, committed 49152K, reserved 1114112K
  class space    used 5394K, committed 5632K, reserved 1048576K
}
Event: 4.329 GC heap after
{Heap after GC invocations=8 (full 0):
 garbage-first heap   total reserved 4161536K, committed 77824K, used 24571K [0x0000000702000000, 0x0000000800000000)
  region size 2048K, 3 young (6144K), 3 survivors (6144K)
 Metaspace       used 48621K, committed 49152K, reserved 1114112K
  class space    used 5394K, committed 5632K, reserved 1048576K
}
Event: 4.806 GC heap before
{Heap before GC invocations=8 (full 0):
 garbage-first heap   total reserved 4161536K, committed 77824K, used 59387K [0x0000000702000000, 0x0000000800000000)
  region size 2048K, 20 young (40960K), 3 survivors (6144K)
 Metaspace       used 57582K, committed 58048K, reserved 1114112K
  class space    used 6424K, committed 6656K, reserved 1048576K
}
Event: 4.809 GC heap after
{Heap after GC invocations=9 (full 0):
 garbage-first heap   total reserved 4161536K, committed 77824K, used 26493K [0x0000000702000000, 0x0000000800000000)
  region size 2048K, 3 young (6144K), 3 survivors (6144K)
 Metaspace       used 57582K, committed 58048K, reserved 1114112K
  class space    used 6424K, committed 6656K, reserved 1048576K
}
Event: 4.925 GC heap before
{Heap before GC invocations=9 (full 0):
 garbage-first heap   total reserved 4161536K, committed 77824K, used 34685K [0x0000000702000000, 0x0000000800000000)
  region size 2048K, 8 young (16384K), 3 survivors (6144K)
 Metaspace       used 59676K, committed 60160K, reserved 1114112K
  class space    used 6666K, committed 6912K, reserved 1048576K
}
Event: 4.927 GC heap after
{Heap after GC invocations=10 (full 0):
 garbage-first heap   total reserved 4161536K, committed 77824K, used 27089K [0x0000000702000000, 0x0000000800000000)
  region size 2048K, 2 young (4096K), 2 survivors (4096K)
 Metaspace       used 59676K, committed 60160K, reserved 1114112K
  class space    used 6666K, committed 6912K, reserved 1048576K
}
Event: 5.353 GC heap before
{Heap before GC invocations=11 (full 0):
 garbage-first heap   total reserved 4161536K, committed 77824K, used 61905K [0x0000000702000000, 0x0000000800000000)
  region size 2048K, 20 young (40960K), 2 survivors (4096K)
 Metaspace       used 65068K, committed 65600K, reserved 1114112K
  class space    used 7319K, committed 7552K, reserved 1048576K
}
Event: 5.355 GC heap after
{Heap after GC invocations=12 (full 0):
 garbage-first heap   total reserved 4161536K, committed 77824K, used 29844K [0x0000000702000000, 0x0000000800000000)
  region size 2048K, 3 young (6144K), 3 survivors (6144K)
 Metaspace       used 65068K, committed 65600K, reserved 1114112K
  class space    used 7319K, committed 7552K, reserved 1048576K
}
Event: 86.271 GC heap before
{Heap before GC invocations=12 (full 0):
 garbage-first heap   total reserved 4161536K, committed 77824K, used 64660K [0x0000000702000000, 0x0000000800000000)
  region size 2048K, 20 young (40960K), 3 survivors (6144K)
 Metaspace       used 68136K, committed 68800K, reserved 1114112K
  class space    used 7707K, committed 8000K, reserved 1048576K
}
Event: 86.274 GC heap after
{Heap after GC invocations=13 (full 0):
 garbage-first heap   total reserved 4161536K, committed 77824K, used 31906K [0x0000000702000000, 0x0000000800000000)
  region size 2048K, 3 young (6144K), 3 survivors (6144K)
 Metaspace       used 68136K, committed 68800K, reserved 1114112K
  class space    used 7707K, committed 8000K, reserved 1048576K
}

Dll operation events (13 events):
Event: 0.032 Loaded shared library C:\Users\Usuario\.jdks\openjdk-24.0.1\bin\java.dll
Event: 0.152 Loaded shared library C:\Users\Usuario\.jdks\openjdk-24.0.1\bin\zip.dll
Event: 0.161 Loaded shared library C:\Users\Usuario\.jdks\openjdk-24.0.1\bin\instrument.dll
Event: 0.171 Loaded shared library C:\Users\Usuario\.jdks\openjdk-24.0.1\bin\net.dll
Event: 0.173 Loaded shared library C:\Users\Usuario\.jdks\openjdk-24.0.1\bin\nio.dll
Event: 0.177 Loaded shared library C:\Users\Usuario\.jdks\openjdk-24.0.1\bin\zip.dll
Event: 0.227 Loaded shared library C:\Users\Usuario\.jdks\openjdk-24.0.1\bin\jimage.dll
Event: 1.005 Loaded shared library C:\Users\Usuario\.jdks\openjdk-24.0.1\bin\extnet.dll
Event: 1.036 Loaded shared library C:\Users\Usuario\.jdks\openjdk-24.0.1\bin\management.dll
Event: 1.057 Loaded shared library C:\Users\Usuario\.jdks\openjdk-24.0.1\bin\management_ext.dll
Event: 2.625 Loaded shared library C:\Users\Usuario\.jdks\openjdk-24.0.1\bin\sunmscapi.dll
Event: 3.702 Loaded shared library C:\Users\Usuario\.jdks\openjdk-24.0.1\bin\verify.dll
Event: 86.244 Loaded shared library C:\Users\Usuario\AppData\Local\Temp\idea_libasyncProfiler_dll_temp_folder\libasyncProfiler.dll

Deoptimization events (0 events):
No events

Classes loaded (20 events):
Event: 86.342 Loading class jdk/jfr/internal/MetadataWriter
Event: 86.342 Loading class jdk/jfr/internal/MetadataWriter done
Event: 86.342 Loading class jdk/jfr/internal/MetadataDescriptor$Element
Event: 86.342 Loading class jdk/jfr/internal/MetadataDescriptor$Element done
Event: 86.342 Loading class jdk/jfr/internal/MetadataDescriptor$Attribute
Event: 86.342 Loading class jdk/jfr/internal/MetadataDescriptor$Attribute done
Event: 86.348 Loading class jdk/jfr/internal/consumer/StringParser$Encoding
Event: 86.348 Loading class jdk/jfr/internal/consumer/StringParser$Encoding done
Event: 86.359 Loading class jdk/jfr/internal/consumer/RepositoryFiles
Event: 86.359 Loading class jdk/jfr/internal/consumer/RepositoryFiles done
Event: 86.362 Loading class jdk/jfr/internal/SettingsManager$InternalSetting
Event: 86.362 Loading class jdk/jfr/internal/SettingsManager$InternalSetting done
Event: 86.363 Loading class jdk/jfr/internal/util/Rate
Event: 86.364 Loading class jdk/jfr/internal/util/Rate done
Event: 86.364 Loading class jdk/jfr/internal/util/TimespanUnit
Event: 86.364 Loading class jdk/jfr/internal/util/TimespanUnit done
Event: 86.364 Loading class jdk/jfr/internal/util/ValueParser
Event: 86.364 Loading class jdk/jfr/internal/util/ValueParser done
Event: 86.365 Loading class jdk/jfr/internal/periodic/PeriodicType
Event: 86.365 Loading class jdk/jfr/internal/periodic/PeriodicType done

Classes unloaded (0 events):
No events

Classes redefined (0 events):
No events

Internal exceptions (20 events):
Event: 5.442 Thread 0x000001ed78cdb700 Exception <a 'java/lang/NoSuchMethodError'{0x000000070e3b0cc8}: 'java.lang.Object java.lang.invoke.DirectMethodHandle$Holder.invokeStaticInit(java.lang.Object, java.lang.Object, java.lang.Object, java.lang.Object, java.lang.Object, java.lang.Object, java.lang.Object)'> (0x000000070e3b0cc8) 
thrown [s\open\src\hotspot\share\interpreter\linkResolver.cpp, line 805]
Event: 5.443 Thread 0x000001ed78cdb700 Exception <a 'java/lang/NoSuchMethodError'{0x000000070e3c3738}: 'int java.lang.invoke.DirectMethodHandle$Holder.invokeStaticInit(java.lang.Object, int, int)'> (0x000000070e3c3738) 
thrown [s\open\src\hotspot\share\interpreter\linkResolver.cpp, line 805]
Event: 5.443 Thread 0x000001ed78cdb700 Exception <a 'java/lang/NoSuchMethodError'{0x000000070e3d4b70}: 'int java.lang.invoke.DirectMethodHandle$Holder.invokeStaticInit(java.lang.Object, long, long)'> (0x000000070e3d4b70) 
thrown [s\open\src\hotspot\share\interpreter\linkResolver.cpp, line 805]
Event: 5.444 Thread 0x000001ed78cdb700 Exception <a 'java/lang/NoSuchMethodError'{0x000000070e3e58d8}: 'int java.lang.invoke.DirectMethodHandle$Holder.invokeStaticInit(java.lang.Object, float, float)'> (0x000000070e3e58d8) 
thrown [s\open\src\hotspot\share\interpreter\linkResolver.cpp, line 805]
Event: 5.444 Thread 0x000001ed78cdb700 Exception <a 'java/lang/NoSuchMethodError'{0x000000070e3f6638}: 'int java.lang.invoke.DirectMethodHandle$Holder.invokeStaticInit(java.lang.Object, double, double)'> (0x000000070e3f6638) 
thrown [s\open\src\hotspot\share\interpreter\linkResolver.cpp, line 805]
Event: 5.444 Thread 0x000001ed78cdb700 Exception <a 'java/lang/NoSuchMethodError'{0x000000070e000080}: 'int java.lang.invoke.DirectMethodHandle$Holder.invokeStatic(java.lang.Object, long)'> (0x000000070e000080) 
thrown [s\open\src\hotspot\share\interpreter\linkResolver.cpp, line 805]
Event: 5.444 Thread 0x000001ed78cdb700 Exception <a 'java/lang/NoSuchMethodError'{0x000000070e019c50}: 'java.lang.Object java.lang.invoke.DirectMethodHandle$Holder.invokeStatic(java.lang.Object, float)'> (0x000000070e019c50) 
thrown [s\open\src\hotspot\share\interpreter\linkResolver.cpp, line 805]
Event: 5.445 Thread 0x000001ed78cdb700 Exception <a 'java/lang/NoSuchMethodError'{0x000000070e052400}: 'int java.lang.invoke.Invokers$Holder.linkToTargetMethod(java.lang.Object, java.lang.Object)'> (0x000000070e052400) 
thrown [s\open\src\hotspot\share\interpreter\linkResolver.cpp, line 805]
Event: 5.465 Thread 0x000001ed78cdb700 Exception <a 'java/lang/IncompatibleClassChangeError'{0x000000070de16b68}: Found class java.lang.Object, but interface was expected> (0x000000070de16b68) 
thrown [s\open\src\hotspot\share\interpreter\linkResolver.cpp, line 872]
Event: 5.489 Thread 0x000001ed78cdb700 Exception <a 'java/lang/NoSuchMethodError'{0x000000070dc848c8}: 'void java.lang.invoke.DirectMethodHandle$Holder.invokeVirtual(java.lang.Object, java.lang.Object, long)'> (0x000000070dc848c8) 
thrown [s\open\src\hotspot\share\interpreter\linkResolver.cpp, line 805]
Event: 5.517 Thread 0x000001ed78cdb700 Exception <a 'java/lang/NoSuchMethodError'{0x000000070da94e30}: 'int java.lang.invoke.DirectMethodHandle$Holder.invokeStaticInit(java.lang.Object, java.lang.Object, java.lang.Object, java.lang.Object)'> (0x000000070da94e30) 
thrown [s\open\src\hotspot\share\interpreter\linkResolver.cpp, line 805]
Event: 5.551 Thread 0x000001ed78cdb700 Exception <a 'java/lang/IncompatibleClassChangeError'{0x000000070539ae30}: Found class java.lang.Object, but interface was expected> (0x000000070539ae30) 
thrown [s\open\src\hotspot\share\interpreter\linkResolver.cpp, line 872]
Event: 5.623 Thread 0x000001ed78cdb700 Exception <a 'java/lang/NoSuchMethodError'{0x0000000704a071a8}: 'java.lang.Object java.lang.invoke.DirectMethodHandle$Holder.newInvokeSpecial(java.lang.Object, java.lang.Object, int, java.lang.Object, java.lang.Object)'> (0x0000000704a071a8) 
thrown [s\open\src\hotspot\share\interpreter\linkResolver.cpp, line 805]
Event: 6.028 Thread 0x000001ed7ab3e7a0 Exception <a 'java/lang/NoSuchMethodError'{0x00000007046d1ba8}: 'java.lang.Object java.lang.invoke.DirectMethodHandle$Holder.invokeInterface(java.lang.Object, java.lang.Object, java.lang.Object, java.lang.Object, java.lang.Object, java.lang.Object, java.lang.Object)'> (0x00000007046d1ba8) 
thrown [s\open\src\hotspot\share\interpreter\linkResolver.cpp, line 805]
Event: 86.286 Thread 0x000001ed3217d770 Exception <a 'java/lang/NoSuchMethodError'{0x00000007ffeb7c60}: 'void java.lang.invoke.DirectMethodHandle$Holder.invokeStaticInit(java.lang.Object)'> (0x00000007ffeb7c60) 
thrown [s\open\src\hotspot\share\interpreter\linkResolver.cpp, line 805]
Event: 86.333 Thread 0x000001ed3217d770 Exception <a 'java/lang/NoSuchMethodError'{0x000000070e23c960}: 'void java.lang.invoke.DirectMethodHandle$Holder.invokeSpecial(java.lang.Object, java.lang.Object, int)'> (0x000000070e23c960) 
thrown [s\open\src\hotspot\share\interpreter\linkResolver.cpp, line 805]
Event: 86.334 Thread 0x000001ed3217d770 Exception <a 'java/lang/NoSuchMethodError'{0x000000070e244580}: 'void java.lang.invoke.Invokers$Holder.invokeExact_MT(java.lang.Object, int, java.lang.Object)'> (0x000000070e244580) 
thrown [s\open\src\hotspot\share\interpreter\linkResolver.cpp, line 805]
Event: 86.337 Thread 0x000001ed3217d770 Exception <a 'sun/nio/fs/WindowsException'{0x000000070e29dfc8}> (0x000000070e29dfc8) 
thrown [s\open\src\hotspot\share\prims\jni.cpp, line 518]
Event: 86.338 Thread 0x000001ed3217d770 Exception <a 'sun/nio/fs/WindowsException'{0x000000070e2aaec8}> (0x000000070e2aaec8) 
thrown [s\open\src\hotspot\share\prims\jni.cpp, line 518]
Event: 86.340 Thread 0x000001ed3217d770 Exception <a 'sun/nio/fs/WindowsException'{0x000000070e2b8c78}> (0x000000070e2b8c78) 
thrown [s\open\src\hotspot\share\prims\jni.cpp, line 518]

VM Operations (20 events):
Event: 5.381 Executing VM operation: HandshakeAllThreads (Deoptimize)
Event: 5.381 Executing VM operation: HandshakeAllThreads (Deoptimize) done
Event: 5.401 Executing VM operation: HandshakeAllThreads (Deoptimize)
Event: 5.401 Executing VM operation: HandshakeAllThreads (Deoptimize) done
Event: 5.402 Executing VM operation: HandshakeAllThreads (Deoptimize)
Event: 5.402 Executing VM operation: HandshakeAllThreads (Deoptimize) done
Event: 5.470 Executing VM operation: HandshakeAllThreads (Deoptimize)
Event: 5.470 Executing VM operation: HandshakeAllThreads (Deoptimize) done
Event: 5.502 Executing VM operation: HandshakeAllThreads (Deoptimize)
Event: 5.502 Executing VM operation: HandshakeAllThreads (Deoptimize) done
Event: 5.622 Executing VM operation: HandshakeAllThreads (Deoptimize)
Event: 5.622 Executing VM operation: HandshakeAllThreads (Deoptimize) done
Event: 60.088 Executing VM operation: HandshakeAllThreads (HandshakeForDeflation)
Event: 60.088 Executing VM operation: HandshakeAllThreads (HandshakeForDeflation) done
Event: 60.088 Executing VM operation: RendezvousGCThreads
Event: 60.088 Executing VM operation: RendezvousGCThreads done
Event: 86.271 Executing VM operation: G1CollectForAllocation (G1 Evacuation Pause)
Event: 86.274 Executing VM operation: G1CollectForAllocation (G1 Evacuation Pause) done
Event: 86.359 Executing VM operation: JFRSafepointClear
Event: 86.359 Executing VM operation: JFRSafepointClear done

Memory protections (0 events):
No events

Nmethod flushes (20 events):
Event: 4.936 Thread 0x000001ed32167ef0 flushing  nmethod 0x000001ed27fe2488
Event: 4.936 Thread 0x000001ed32167ef0 flushing  nmethod 0x000001ed27a21988
Event: 4.936 Thread 0x000001ed32167ef0 flushing  nmethod 0x000001ed27e61188
Event: 4.936 Thread 0x000001ed32167ef0 flushing  nmethod 0x000001ed27f9a188
Event: 4.936 Thread 0x000001ed32167ef0 flushing  nmethod 0x000001ed2808b188
Event: 4.936 Thread 0x000001ed32167ef0 flushing  nmethod 0x000001ed2808cd88
Event: 4.936 Thread 0x000001ed32167ef0 flushing  nmethod 0x000001ed27d2cc88
Event: 4.936 Thread 0x000001ed32167ef0 flushing  nmethod 0x000001ed27e9a608
Event: 4.936 Thread 0x000001ed32167ef0 flushing  nmethod 0x000001ed27f7ff88
Event: 4.936 Thread 0x000001ed32167ef0 flushing  nmethod 0x000001ed2803ea88
Event: 4.936 Thread 0x000001ed32167ef0 flushing  nmethod 0x000001ed27b85d88
Event: 4.936 Thread 0x000001ed32167ef0 flushing  nmethod 0x000001ed27f84d08
Event: 4.936 Thread 0x000001ed32167ef0 flushing  nmethod 0x000001ed27f1c108
Event: 4.936 Thread 0x000001ed32167ef0 flushing  nmethod 0x000001ed2801db08
Event: 4.936 Thread 0x000001ed32167ef0 flushing  nmethod 0x000001ed280b9f88
Event: 4.936 Thread 0x000001ed32167ef0 flushing  nmethod 0x000001ed28100088
Event: 4.936 Thread 0x000001ed32167ef0 flushing  nmethod 0x000001ed27f66208
Event: 4.936 Thread 0x000001ed32167ef0 flushing  nmethod 0x000001ed27fec208
Event: 4.936 Thread 0x000001ed32167ef0 flushing  nmethod 0x000001ed28002308
Event: 4.936 Thread 0x000001ed32167ef0 flushing  nmethod 0x000001ed280a8988

Events (20 events):
Event: 5.628 Thread 0x000001ed78cdb700 Thread added: 0x000001ed7ab3d900
Event: 5.634 Thread 0x000001ed78cdb700 Thread added: 0x000001ed7ab3fd90
Event: 5.635 Thread 0x000001ed78cdb700 Thread added: 0x000001ed7ab3e050
Event: 5.646 Thread 0x000001ed78cdb700 Thread exited: 0x000001ed78cdb700
Event: 5.648 Thread 0x000001ed78cd69f0 Thread exited: 0x000001ed78cd69f0
Event: 5.648 Thread 0x000001ed1f089700 Thread exited: 0x000001ed1f089700
Event: 5.648 Thread 0x000001ed7ab3eef0 Thread added: 0x000001ed7ab3eef0
Event: 6.012 Thread 0x000001ed78714230 Thread added: 0x000001ed7ab3f640
Event: 6.017 Thread 0x000001ed7ab3f640 Thread exited: 0x000001ed7ab3f640
Event: 6.018 Thread 0x000001ed786e99e0 Thread added: 0x000001ed7ab3e7a0
Event: 6.019 Thread 0x000001ed7ab3e7a0 Thread added: 0x000001ed7ab404e0
Event: 6.030 Thread 0x000001ed7ab404e0 Thread exited: 0x000001ed7ab404e0
Event: 6.032 Thread 0x000001ed7ab3e7a0 Thread added: 0x000001ed7ab3f640
Event: 6.035 Thread 0x000001ed7ab3f640 Thread exited: 0x000001ed7ab3f640
Event: 9.645 Thread 0x000001ed78e67140 Thread exited: 0x000001ed78e67140
Event: 11.091 Thread 0x000001ed786a4ce0 Thread exited: 0x000001ed786a4ce0
Event: 16.213 Thread 0x000001ed32b0f1c0 Thread exited: 0x000001ed32b0f1c0
Event: 16.213 Thread 0x000001ed786a4550 Thread exited: 0x000001ed786a4550
Event: 86.285 Thread 0x000001ed3217d770 Thread added: 0x000001ed78f08a70
Event: 86.334 Thread 0x000001ed3217d770 Thread added: 0x000001ed78f08320


Dynamic libraries:
0x00007ff72f8c0000 - 0x00007ff72f8ce000 	C:\Users\Usuario\.jdks\openjdk-24.0.1\bin\java.exe
0x00007ff9164e0000 - 0x00007ff916745000 	C:\WINDOWS\SYSTEM32\ntdll.dll
0x00007ff914a40000 - 0x00007ff914b09000 	C:\WINDOWS\System32\KERNEL32.DLL
0x00007ff913d10000 - 0x00007ff9140f8000 	C:\WINDOWS\System32\KERNELBASE.dll
0x00007ff914100000 - 0x00007ff91424b000 	C:\WINDOWS\System32\ucrtbase.dll
0x00007ff8c8aa0000 - 0x00007ff8c8ab6000 	C:\Users\Usuario\.jdks\openjdk-24.0.1\bin\jli.dll
0x00007ff87b200000 - 0x00007ff87b21b000 	C:\Users\Usuario\.jdks\openjdk-24.0.1\bin\VCRUNTIME140.dll
0x00007ff915090000 - 0x00007ff91525a000 	C:\WINDOWS\System32\USER32.dll
0x00007ff900350000 - 0x00007ff9005ea000 	C:\WINDOWS\WinSxS\amd64_microsoft.windows.common-controls_6595b64144ccf1df_6.0.26100.4202_none_3e0698d4e335f517\COMCTL32.dll
0x00007ff914250000 - 0x00007ff914277000 	C:\WINDOWS\System32\win32u.dll
0x00007ff914ed0000 - 0x00007ff914f79000 	C:\WINDOWS\System32\msvcrt.dll
0x00007ff915060000 - 0x00007ff91508b000 	C:\WINDOWS\System32\GDI32.dll
0x00007ff9136c0000 - 0x00007ff9137f7000 	C:\WINDOWS\System32\gdi32full.dll
0x00007ff913800000 - 0x00007ff9138a3000 	C:\WINDOWS\System32\msvcp_win.dll
0x00007ff9158c0000 - 0x00007ff9158f0000 	C:\WINDOWS\System32\IMM32.DLL
0x00007ff8adab0000 - 0x00007ff8adabc000 	C:\Users\Usuario\.jdks\openjdk-24.0.1\bin\vcruntime140_1.dll
0x00007ff82fb90000 - 0x00007ff82fc1e000 	C:\Users\Usuario\.jdks\openjdk-24.0.1\bin\msvcp140.dll
0x00007ff81c750000 - 0x00007ff81d4f2000 	C:\Users\Usuario\.jdks\openjdk-24.0.1\bin\server\jvm.dll
0x00007ff915600000 - 0x00007ff9156b3000 	C:\WINDOWS\System32\ADVAPI32.dll
0x00007ff914910000 - 0x00007ff9149b6000 	C:\WINDOWS\System32\sechost.dll
0x00007ff915470000 - 0x00007ff915585000 	C:\WINDOWS\System32\RPCRT4.dll
0x00007ff915900000 - 0x00007ff915974000 	C:\WINDOWS\System32\WS2_32.dll
0x00007ff9133d0000 - 0x00007ff91342e000 	C:\WINDOWS\SYSTEM32\POWRPROF.dll
0x00007ff9098a0000 - 0x00007ff9098d5000 	C:\WINDOWS\SYSTEM32\WINMM.dll
0x00007ff906f90000 - 0x00007ff906f9b000 	C:\WINDOWS\SYSTEM32\VERSION.dll
0x00007ff9133b0000 - 0x00007ff9133c4000 	C:\WINDOWS\SYSTEM32\UMPDC.dll
0x00007ff9123b0000 - 0x00007ff9123cb000 	C:\WINDOWS\SYSTEM32\kernel.appcore.dll
0x00007ff8907a0000 - 0x00007ff8907aa000 	C:\Users\Usuario\.jdks\openjdk-24.0.1\bin\jimage.dll
0x00007ff9074b0000 - 0x00007ff9076f1000 	C:\WINDOWS\SYSTEM32\DBGHELP.DLL
0x00007ff914b30000 - 0x00007ff914eb5000 	C:\WINDOWS\System32\combase.dll
0x00007ff9156c0000 - 0x00007ff9157a1000 	C:\WINDOWS\System32\OLEAUT32.dll
0x00007ff900d50000 - 0x00007ff900d89000 	C:\WINDOWS\SYSTEM32\dbgcore.DLL
0x00007ff913af0000 - 0x00007ff913b89000 	C:\WINDOWS\System32\bcryptPrimitives.dll
0x00007ff88b370000 - 0x00007ff88b37f000 	C:\Users\Usuario\.jdks\openjdk-24.0.1\bin\instrument.dll
0x00007ff8770c0000 - 0x00007ff8770de000 	C:\Users\Usuario\.jdks\openjdk-24.0.1\bin\java.dll
0x00007ff9152c0000 - 0x00007ff91545e000 	C:\WINDOWS\System32\ole32.dll
0x00007ff915d50000 - 0x00007ff916492000 	C:\WINDOWS\System32\SHELL32.dll
0x00007ff913b90000 - 0x00007ff913d04000 	C:\WINDOWS\System32\wintypes.dll
0x00007ff911260000 - 0x00007ff911ab7000 	C:\WINDOWS\SYSTEM32\windows.storage.dll
0x00007ff914280000 - 0x00007ff914371000 	C:\WINDOWS\System32\SHCORE.dll
0x00007ff915590000 - 0x00007ff9155fa000 	C:\WINDOWS\System32\shlwapi.dll
0x00007ff913540000 - 0x00007ff91356f000 	C:\WINDOWS\SYSTEM32\profapi.dll
0x00007ff872980000 - 0x00007ff872997000 	C:\Users\Usuario\.jdks\openjdk-24.0.1\bin\zip.dll
0x00007ff8890e0000 - 0x00007ff8890f0000 	C:\Users\Usuario\.jdks\openjdk-24.0.1\bin\net.dll
0x00007ff912900000 - 0x00007ff91296a000 	C:\WINDOWS\system32\mswsock.dll
0x00007ff872bd0000 - 0x00007ff872be6000 	C:\Users\Usuario\.jdks\openjdk-24.0.1\bin\nio.dll
0x00007ff888d20000 - 0x00007ff888d29000 	C:\Users\Usuario\.jdks\openjdk-24.0.1\bin\extnet.dll
0x00007ff911e40000 - 0x00007ff911f67000 	C:\WINDOWS\SYSTEM32\DNSAPI.dll
0x00007ff911db0000 - 0x00007ff911de3000 	C:\WINDOWS\SYSTEM32\IPHLPAPI.DLL
0x00007ff915840000 - 0x00007ff91584a000 	C:\WINDOWS\System32\NSI.dll
0x00007ff9097a0000 - 0x00007ff9097ab000 	C:\Windows\System32\rasadhlp.dll
0x00007ff909350000 - 0x00007ff9093d6000 	C:\WINDOWS\System32\fwpuclnt.dll
0x00007ff8debc0000 - 0x00007ff8debca000 	C:\Users\Usuario\.jdks\openjdk-24.0.1\bin\management.dll
0x00007ff8debb0000 - 0x00007ff8debbb000 	C:\Users\Usuario\.jdks\openjdk-24.0.1\bin\management_ext.dll
0x00007ff9152b0000 - 0x00007ff9152b8000 	C:\WINDOWS\System32\PSAPI.DLL
0x00007ff912ce0000 - 0x00007ff912cfb000 	C:\WINDOWS\SYSTEM32\CRYPTSP.dll
0x00007ff912310000 - 0x00007ff91234a000 	C:\WINDOWS\system32\rsaenh.dll
0x00007ff9129a0000 - 0x00007ff9129cb000 	C:\WINDOWS\SYSTEM32\USERENV.dll
0x00007ff913510000 - 0x00007ff913536000 	C:\WINDOWS\SYSTEM32\bcrypt.dll
0x00007ff912b40000 - 0x00007ff912b4c000 	C:\WINDOWS\SYSTEM32\CRYPTBASE.dll
0x00007ff8f0350000 - 0x00007ff8f0368000 	C:\WINDOWS\system32\napinsp.dll
0x00007ff8f0330000 - 0x00007ff8f0342000 	C:\WINDOWS\System32\winrnr.dll
0x00007ff8f0220000 - 0x00007ff8f0250000 	C:\WINDOWS\system32\nlansp_c.dll
0x00007ff8f01f0000 - 0x00007ff8f0210000 	C:\WINDOWS\system32\wshbth.dll
0x00007ff9043c0000 - 0x00007ff90440e000 	C:\WINDOWS\SYSTEM32\pdh.dll
0x00007ff8fe680000 - 0x00007ff8fe692000 	C:\WINDOWS\System32\perfproc.dll
0x00007ff8fe4c0000 - 0x00007ff8fe4d1000 	C:\WINDOWS\System32\perfos.dll
0x00007ff90ef60000 - 0x00007ff90ef72000 	C:\WINDOWS\SYSTEM32\pfclient.dll
0x00007ff88c680000 - 0x00007ff88c68e000 	C:\Users\Usuario\.jdks\openjdk-24.0.1\bin\sunmscapi.dll
0x00007ff9138b0000 - 0x00007ff913a27000 	C:\WINDOWS\System32\CRYPT32.dll
0x00007ff912e30000 - 0x00007ff912e60000 	C:\WINDOWS\SYSTEM32\ncrypt.dll
0x00007ff912de0000 - 0x00007ff912e1f000 	C:\WINDOWS\SYSTEM32\NTASN1.dll
0x00007ff88c670000 - 0x00007ff88c680000 	C:\Users\Usuario\.jdks\openjdk-24.0.1\bin\verify.dll
0x00007ff8c2fc0000 - 0x00007ff8c2fc8000 	C:\WINDOWS\system32\wshunix.dll
0x00007ff8199e0000 - 0x00007ff819bee000 	C:\Users\Usuario\AppData\Local\Temp\idea_libasyncProfiler_dll_temp_folder\libasyncProfiler.dll

JVMTI agents:
C:\Program Files\JetBrains\IntelliJ IDEA 2024.3.2.2\lib\idea_rt.jar path:C:\Users\Usuario\.jdks\openjdk-24.0.1\bin\instrument.dll, loaded, initialized, instrumentlib options:50600

dbghelp: loaded successfully - version: 4.0.5 - missing functions: none
symbol engine: initialized successfully - sym options: 0x614 - pdb path: .;C:\Users\Usuario\.jdks\openjdk-24.0.1\bin;C:\WINDOWS\SYSTEM32;C:\WINDOWS\WinSxS\amd64_microsoft.windows.common-controls_6595b64144ccf1df_6.0.26100.4202_none_3e0698d4e335f517;C:\Users\Usuario\.jdks\openjdk-24.0.1\bin\server;C:\Users\Usuario\AppData\Local\Temp\idea_libasyncProfiler_dll_temp_folder

VM Arguments:
jvm_args: -XX:TieredStopAtLevel=1 -Dspring.output.ansi.enabled=always -Dcom.sun.management.jmxremote -Dspring.jmx.enabled=true -Dspring.liveBeansView.mbeanDomain -Dspring.application.admin.enabled=true -Dmanagement.endpoints.jmx.exposure.include=* -javaagent:C:\Program Files\JetBrains\IntelliJ IDEA 2024.3.2.2\lib\idea_rt.jar=50600 -Dfile.encoding=UTF-8 -Dsun.stdout.encoding=UTF-8 -Dsun.stderr.encoding=UTF-8 
java_command: com.springwalker.back.InfraMedAPIApplication
java_class_path (initial): C:\Users\Usuario\Documents\Programacao\MonitoramentoPaciente\MonitoramentoPacientesBACK\MonitoramentoPacienteBACK\target\classes;C:\Users\Usuario\.m2\repository\org\springframework\boot\spring-boot-starter-data-jpa\3.4.5\spring-boot-starter-data-jpa-3.4.5.jar;C:\Users\Usuario\.m2\repository\org\springframework\boot\spring-boot-starter-jdbc\3.4.5\spring-boot-starter-jdbc-3.4.5.jar;C:\Users\Usuario\.m2\repository\com\zaxxer\HikariCP\5.1.0\HikariCP-5.1.0.jar;C:\Users\Usuario\.m2\repository\org\springframework\spring-jdbc\6.2.6\spring-jdbc-6.2.6.jar;C:\Users\Usuario\.m2\repository\org\hibernate\orm\hibernate-core\6.6.13.Final\hibernate-core-6.6.13.Final.jar;C:\Users\Usuario\.m2\repository\jakarta\persistence\jakarta.persistence-api\3.1.0\jakarta.persistence-api-3.1.0.jar;C:\Users\Usuario\.m2\repository\jakarta\transaction\jakarta.transaction-api\2.0.1\jakarta.transaction-api-2.0.1.jar;C:\Users\Usuario\.m2\repository\org\jboss\logging\jboss-logging\3.6.1.Final\jboss-logging-3.6.1.Final.jar;C:\Users\Usuario\.m2\repository\org\hibernate\common\hibernate-commons-annotations\7.0.3.Final\hibernate-commons-annotations-7.0.3.Final.jar;C:\Users\Usuario\.m2\repository\io\smallrye\jandex\3.2.0\jandex-3.2.0.jar;C:\Users\Usuario\.m2\repository\com\fasterxml\classmate\1.7.0\classmate-1.7.0.jar;C:\Users\Usuario\.m2\repository\net\bytebuddy\byte-buddy\1.15.11\byte-buddy-1.15.11.jar;C:\Users\Usuario\.m2\repository\org\glassfish\jaxb\jaxb-runtime\4.0.5\jaxb-runtime-4.0.5.jar;C:\Users\Usuario\.m2\repository\org\glassfish\jaxb\jaxb-core\4.0.5\jaxb-core-4.0.5.jar;C:\Users\Usuario\.m2\repository\org\eclipse\angus\angus-activation\2.0.2\angus-activation-2.0.2.jar;C:\Users\Usuario\.m2\repository\org\glassfish\jaxb\txw2\4.0.5\txw2-4.0.5.jar;C:\Users\Usuario\.m2\repository\com\sun\istack\istack-commons-runtime\4.1.2\istack-commons-runtime-4.1.2.jar;C:\Users\Usuario\.m2\repository\jakarta\inject\jakarta.inject-api\2.0.1\jakarta.inject-api-2.0.1.jar;C:\Users\Usuario\.m2\repository\org\antlr\antlr4-runtime\4.13.0\antlr4-runtime-4.13.0.jar;C:\Users\Usuario\.m2\repository\org\springframework\data\spring-data-jpa\3.4.5\spring-data-jpa-3.4.5.jar;C:\Users\Usuario\.m2\repository\org\springframework\data\spring-data-commons\3.4.5\spring-data-commons-3.4.5.jar;C:\Users\Usuario\.m2\repository\org\springframework\spring-orm\6.2.6\spring-orm-6.2.6.jar;C:\Users\Usuario\.m2\repository\org\springframework\spring-context\6.2.6\spring-context-6.2.6.jar;C:\Users\Usuario\.m2\repository\org\springframework\spring-aop\6.2.6\spring-aop-6.2.6.jar;C:\Users\Usuario\.m2\repository\org\springframework\spring-tx\6.2.6\spring-tx-6.2.6.jar;C:\Users\Usuario\.m2\repository\org\springframework\spring-beans\6.2.6\spring-beans-6.2.6.jar;C:\Users\Usuario\.m2\repository\org\slf4j\slf4j-api\2.0.17\slf4j-api-2.0.17.jar;C:\Users\Usuario\.m2\repository\org\springframework\spring-aspects\6.2.6\spring-aspects-6.2.6.jar;C:\Users\Usuario\.m2\repository\org\aspectj\aspectjweaver\1.9.24\aspectjweaver-1.9.24.jar;C:\Users\Usuario\.m2\repository\org\springframework\boot\spring-boot-starter-validation\3.4.5\spring-boot-starter-validation-3.4.5.jar;C:\Users\Usuario\.m2\repository\org\apache\tomcat\embed\tomcat-embed-el\10.1.40\tomcat-embed-el-10.1.40.jar;C:\Users\Usuario\.m2\repository\org\hibernate\validator\hibernate-validator\8.0.2.Final\hibernate-validator-8.0.2.Final.jar;C:\Users\Usuario\.m2\repository\jakarta\validation\jakarta.validation-api\3.0.2\jakarta.validation-api-3.0.2.jar;C:\Users\Usuario\.m2\repository\org\springframework\boot\spring-boot-starter-web\3.4.5\spring-boot-starter-web-3.4.5.jar;C:\Users\Usuario\.m2\repository\org\springframework\boot\spring-boot-starter-json\3.4.5\spring-boot-starter-json-3.4.5.jar;C:\Users\Usuario\.m2\repository\com\fasterxml\jackson\core\jackson-databind\2.18.3\jackson-databind-2.18.3.jar;C:\Users\Usuario\.m2\repository\com\fasterxml\jackson\core\jackson-annotations\2.18.3\jackson-annotations-2.18.3.jar;C:\Users\Usuario\.m2\repository\com\fasterxml\jackson\core\jackson-core\2.18.3\jackson-core-2.18.3.jar;C:\Users\Usuario\.m2\repository\com\fasterxml\jackson\datatype\jackson-datatype-jdk8\2.18.3\jackson-datatype-jdk8-2.18.3.jar;C:\Users\Usuario\.m2\repository\com\fasterxml\jackson\datatype\jackson-datatype-jsr310\2.18.3\jackson-datatype-jsr310-2.18.3.jar;C:\Users\Usuario\.m2\repository\com\fasterxml\jackson\module\jackson-module-parameter-names\2.18.3\jackson-module-parameter-names-2.18.3.jar;C:\Users\Usuario\.m2\repository\org\springframework\boot\spring-boot-starter-tomcat\3.4.5\spring-boot-starter-tomcat-3.4.5.jar;C:\Users\Usuario\.m2\repository\org\apache\tomcat\embed\tomcat-embed-core\10.1.40\tomcat-embed-core-10.1.40.jar;C:\Users\Usuario\.m2\repository\org\apache\tomcat\embed\tomcat-embed-websocket\10.1.40\tomcat-embed-websocket-10.1.40.jar;C:\Users\Usuario\.m2\repository\org\springframework\spring-web\6.2.6\spring-web-6.2.6.jar;C:\Users\Usuario\.m2\repository\io\micrometer\micrometer-observation\1.14.6\micrometer-observation-1.14.6.jar;C:\Users\Usuario\.m2\repository\io\micrometer\micrometer-commons\1.14.6\micrometer-commons-1.14.6.jar;C:\Users\Usuario\.m2\repository\org\springframework\spring-webmvc\6.2.6\spring-webmvc-6.2.6.jar;C:\Users\Usuario\.m2\repository\org\springframework\spring-expression\6.2.6\spring-expression-6.2.6.jar;C:\Users\Usuario\.m2\repository\com\mysql\mysql-connector-j\9.1.0\mysql-connector-j-9.1.0.jar;C:\Users\Usuario\.m2\repository\org\projectlombok\lombok\1.18.38\lombok-1.18.38.jar;C:\Users\Usuario\.m2\repository\jakarta\xml\bind\jakarta.xml.bind-api\4.0.2\jakarta.xml.bind-api-4.0.2.jar;C:\Users\Usuario\.m2\repository\jakarta\activation\jakarta.activation-api\2.1.3\jakarta.activation-api-2.1.3.jar;C:\Users\Usuario\.m2\repository\org\springframework\spring-core\6.2.6\spring-core-6.2.6.jar;C:\Users\Usuario\.m2\repository\org\springframework\spring-jcl\6.2.6\spring-jcl-6.2.6.jar;C:\Users\Usuario\.m2\repository\org\springframework\boot\spring-boot-starter\3.4.5\spring-boot-starter-3.4.5.jar;C:\Users\Usuario\.m2\repository\org\springframework\boot\spring-boot\3.4.5\spring-boot-3.4.5.jar;C:\Users\Usuario\.m2\repository\org\springframework\boot\spring-boot-autoconfigure\3.4.5\spring-boot-autoconfigure-3.4.5.jar;C:\Users\Usuario\.m2\repository\org\springframework\boot\spring-boot-starter-logging\3.4.5\spring-boot-starter-logging-3.4.5.jar;C:\Users\Usuario\.m2\repository\ch\qos\logback\logback-classic\1.5.18\logback-classic-1.5.18.jar;C:\Users\Usuario\.m2\repository\ch\qos\logback\logback-core\1.5.18\logback-core-1.5.18.jar;C:\Users\Usuario\.m2\repository\org\apache\logging\log4j\log4j-to-slf4j\2.24.3\log4j-to-slf4j-2.24.3.jar;C:\Users\Usuario\.m2\repository\org\apache\logging\log4j\log4j-api\2.24.3\log4j-api-2.24.3.jar;C:\Users\Usuario\.m2\repository\org\slf4j\jul-to-slf4j\2.0.17\jul-to-slf4j-2.0.17.jar;C:\Users\Usuario\.m2\repository\jakarta\annotation\jakarta.annotation-api\2.1.1\jakarta.annotation-api-2.1.1.jar;C:\Users\Usuario\.m2\repository\org\yaml\snakeyaml\2.3\snakeyaml-2.3.jar;C:\Users\Usuario\.m2\repository\org\springframework\boot\spring-boot-devtools\3.4.5\spring-boot-devtools-3.4.5.jar
Launcher Type: SUN_STANDARD

[Global flags]
     intx CICompilerCount                          = 4                                         {product} {ergonomic}
     uint ConcGCThreads                            = 3                                         {product} {ergonomic}
     bool FlightRecorder                           = true                                      {product} {management}
     uint G1ConcRefinementThreads                  = 10                                        {product} {ergonomic}
   size_t G1HeapRegionSize                         = 2097152                                   {product} {ergonomic}
   size_t InitialHeapSize                          = 266338304                                 {product} {ergonomic}
     bool ManagementServer                         = true                                      {product} {command line}
   size_t MarkStackSize                            = 4194304                                   {product} {ergonomic}
   size_t MarkStackSizeMax                         = 536870912                                 {product} {ergonomic}
   size_t MaxHeapSize                              = 4261412864                                {product} {ergonomic}
   size_t MaxNewSize                               = 2556428288                                {product} {ergonomic}
   size_t MinHeapDeltaBytes                        = 2097152                                   {product} {ergonomic}
   size_t MinHeapSize                              = 8388608                                   {product} {ergonomic}
    uintx NonNMethodCodeHeapSize                   = 4096                                   {pd product} {ergonomic}
    uintx NonProfiledCodeHeapSize                  = 0                                      {pd product} {ergonomic}
     bool ProfileInterpreter                       = false                                  {pd product} {command line}
    uintx ProfiledCodeHeapSize                     = 0                                      {pd product} {ergonomic}
   size_t SoftMaxHeapSize                          = 4261412864                             {manageable} {ergonomic}
     intx TieredStopAtLevel                        = 1                                         {product} {command line}
     bool UseCompressedOops                        = true                           {product lp64_product} {ergonomic}
     bool UseG1GC                                  = true                                      {product} {ergonomic}
     bool UseLargePagesIndividualAllocation        = false                                  {pd product} {ergonomic}

Logging:
Log output configuration:
 #0: stdout all=warning uptime,level,tags foldmultilines=false
 #1: stderr all=off uptime,level,tags foldmultilines=false

Environment Variables:
PATH=C:\Program Files\Common Files\Oracle\Java\javapath;c:\Users\Usuario\AppData\Local\Programs\cursor\resources\app\bin;C:\WINDOWS\system32;C:\WINDOWS;C:\WINDOWS\System32\Wbem;C:\WINDOWS\System32\WindowsPowerShell\v1.0\;C:\WINDOWS\System32\OpenSSH\;C:\Program Files\Git\cmd;C:\Program Files\nodejs\;C:\Users\Usuario\AppData\Local\Programs\Python\Python37\Scripts\;C:\Users\Usuario\AppData\Local\Programs\Python\Python37\;C:\Program Files\MySQL\MySQL Shell 8.0\bin\;C:\Users\Usuario\AppData\Local\Programs\Python\Python313\Scripts\;C:\Users\Usuario\AppData\Local\Programs\Python\Python313\;C:\Users\Usuario\AppData\Local\Microsoft\WindowsApps;;C:\Program Files\JetBrains\IntelliJ IDEA 2024.3.2.2\bin;;C:\Users\Usuario\AppData\Roaming\npm;C:\Users\Usuario\AppData\Local\Programs\cursor\resources\app\bin;c:\Users\Usuario\AppData\Local\Programs\cursor\resources\app\bin;C:\Users\Usuario\AppData\Local\Programs\Python\Python37\Scripts\;C:\Users\Usuario\AppData\Local\Programs\Python\Python37\;C:\Program Files\MySQL\MySQL Shell 8.0\bin\;C:\Users\Usuario\AppData\Local\Programs\Python\Python313\Scripts\;C:\Users\Usuario\AppData\Local\Programs\Python\Python313\;C:\Users\Usuario\AppData\Local\Microsoft\WindowsApps;C:\Users\Usuario\AppData\Local\Programs\Microsoft VS Code\bin;;C:\Program Files\JetBrains\IntelliJ IDEA 2024.3.2.2\bin;;C:\Users\Usuario\AppData\Roaming\npm;C:\Users\Usuario\AppData\Local\Programs\cursor\resources\app\bin;C:\Program Files\JetBrains\PyCharm 2025.1.1\bin;
USERNAME=Usuario
OS=Windows_NT
PROCESSOR_IDENTIFIER=AMD64 Family 25 Model 80 Stepping 0, AuthenticAMD
TMP=C:\Users\Usuario\AppData\Local\Temp
TEMP=C:\Users\Usuario\AppData\Local\Temp




Periodic native trim disabled

---------------  S Y S T E M  ---------------

OS:
 Windows 11 , 64 bit Build 26100 (10.0.26100.4202)
OS uptime: 0 days 1:37 hours
Hyper-V role detected

CPU: total 12 (initial active 12) (12 cores per cpu, 2 threads per core) family 25 model 80 stepping 0 microcode 0xa50000d, cx8, cmov, fxsr, ht, mmx, 3dnowpref, sse, sse2, sse3, ssse3, sse4a, sse4.1, sse4.2, popcnt, lzcnt, tsc, tscinvbit, avx, avx2, aes, erms, clmul, bmi1, bmi2, adx, sha, fma, vzeroupper, clflush, clflushopt, hv, rdtscp, rdpid, fsrm, f16c, cet_ss
Processor Information for the first 12 processors :
  Max Mhz: 3600, Current Mhz: 3600, Mhz Limit: 3600

Memory: 4k page, system-wide physical 16253M (2631M free)
TotalPageFile size 26493M (AvailPageFile size 10277M)
current process WorkingSet (physical memory assigned to process): 244M, peak: 244M
current process commit charge ("private bytes"): 310M, peak: 390M

vm_info: OpenJDK 64-Bit Server VM (24.0.1+9-30) for windows-amd64 JRE (24.0.1+9-30), built on 2025-03-05T07:23:45Z with MS VC++ 17.6 (VS2022)

END.
